<?xml version="1.0" encoding="UTF-8"?>
<robot generator="Robot 7.0 (Python 3.12.2 on win32)" generated="2024-02-18T14:09:44.842180" rpa="false" schemaversion="5">
<suite id="s1" name="Sck Online Shoping Creditcard Success" source="D:\workshop\e2e-ui\.venv\lab-05\sck_online_shoping_creditcard_success.robot">
<test id="s1-t1" name="ทดสอบ สั่งซื้อสินค้าจัดส่งด้วยเคอรี่่ ชำระเงินด้วยบัตร visa สำเร็จ และตรวจสอบการได้แต้มสะสม" line="10">
<kw name="ค้นหาสินค้าด้วย คำค้นหา" owner="resource">
<kw name="Open Browser" owner="SeleniumLibrary">
<msg time="2024-02-18T14:09:45.000102" level="INFO">Opening browser 'gc' to base url 'http://192.168.3.115:3000/product/list'.</msg>
<arg>url=${URL}</arg>
<arg>browser=${BROWSER}</arg>
<arg>options=add_experimental_option("detach", True)</arg>
<doc>Opens a new browser instance to the optional ``url``.</doc>
<status status="PASS" start="2024-02-18T14:09:44.999102" elapsed="1.552356"/>
</kw>
<kw name="Input Text" owner="SeleniumLibrary">
<msg time="2024-02-18T14:09:46.551458" level="INFO">Typing text 'Bicycle' into text field 'id:search-product-input'.</msg>
<arg>id:search-product-input</arg>
<arg>${SEARCH}</arg>
<doc>Types the given ``text`` into the text field identified by ``locator``.</doc>
<status status="PASS" start="2024-02-18T14:09:46.551458" elapsed="0.090020"/>
</kw>
<kw name="Click Element" owner="SeleniumLibrary">
<msg time="2024-02-18T14:09:46.641478" level="INFO">Clicking element 'id:search-product-btn'.</msg>
<arg>id:search-product-btn</arg>
<doc>Click the element identified by ``locator``.</doc>
<status status="PASS" start="2024-02-18T14:09:46.641478" elapsed="0.121036"/>
</kw>
<arg>Bicycle</arg>
<status status="PASS" start="2024-02-18T14:09:44.999102" elapsed="1.763412"/>
</kw>
<kw name="ตรวจสอบผลการค้นหา" owner="resource">
<kw name="Wait Until Element Is Visible" owner="SeleniumLibrary">
<arg>id:${CARD-NAME-LOCATOR}</arg>
<doc>Waits until the element ``locator`` is visible.</doc>
<status status="PASS" start="2024-02-18T14:09:46.763513" elapsed="0.231777"/>
</kw>
<kw name="Element Should Contain" owner="SeleniumLibrary">
<msg time="2024-02-18T14:09:47.010293" level="INFO">Element 'id=product-card-name-1' contains text 'Balance Training Bicycle'.</msg>
<arg>id=${CARD-NAME-LOCATOR}</arg>
<arg>${RESULT}</arg>
<doc>Verifies that element ``locator`` contains text ``expected``.</doc>
<status status="PASS" start="2024-02-18T14:09:46.995290" elapsed="0.015003"/>
</kw>
<arg>product-card-name-1</arg>
<arg>Balance Training Bicycle</arg>
<status status="PASS" start="2024-02-18T14:09:46.762514" elapsed="0.247779"/>
</kw>
<kw name="เลือกดูสินค้า" owner="resource">
<kw name="Click Element" owner="SeleniumLibrary">
<msg time="2024-02-18T14:09:47.011293" level="INFO">Clicking element 'id=product-card-name-1'.</msg>
<arg>id=${PRODUCTID}</arg>
<doc>Click the element identified by ``locator``.</doc>
<status status="PASS" start="2024-02-18T14:09:47.010293" elapsed="0.129886"/>
</kw>
<arg>product-card-name-1</arg>
<status status="PASS" start="2024-02-18T14:09:47.010293" elapsed="0.129886"/>
</kw>
<kw name="ตรวจสอบจำนวนแต้มต่อชิ้นที่จะได้รับ" owner="resource">
<kw name="Wait Until Element Is Visible" owner="SeleniumLibrary">
<arg>id:${detail-point-LOCATOR}</arg>
<doc>Waits until the element ``locator`` is visible.</doc>
<status status="PASS" start="2024-02-18T14:09:47.141178" elapsed="0.225820"/>
</kw>
<kw name="Element Text Should Be" owner="SeleniumLibrary">
<msg time="2024-02-18T14:09:47.367999" level="INFO">Verifying element 'id=product-detail-point' contains exact text '43 Points'.</msg>
<arg>id=${detail-point-LOCATOR}</arg>
<arg>${RESULT}</arg>
<doc>Verifies that element ``locator`` contains exact the text ``expected``.</doc>
<status status="PASS" start="2024-02-18T14:09:47.366998" elapsed="0.012004"/>
</kw>
<arg>product-detail-point</arg>
<arg>43 Points</arg>
<status status="PASS" start="2024-02-18T14:09:47.141178" elapsed="0.237824"/>
</kw>
<kw name="เพิ่ม Balance Training bicycle ลงตะกร้า" owner="resource">
<kw name="Click Button" owner="SeleniumLibrary">
<msg time="2024-02-18T14:09:47.379002" level="INFO">Clicking button 'id=product-detail-add-to-cart-btn'.</msg>
<arg>id=product-detail-add-to-cart-btn</arg>
<doc>Clicks the button identified by ``locator``.</doc>
<status status="PASS" start="2024-02-18T14:09:47.379002" elapsed="0.040008"/>
</kw>
<status status="PASS" start="2024-02-18T14:09:47.379002" elapsed="0.040008"/>
</kw>
<kw name="ตรวจสอบจำนวนแต้มต่อชิ้นที่จะได้รับของ Balance Training bicycle ในตะกร้า" owner="resource">
<kw name="Click Button" owner="SeleniumLibrary">
<msg time="2024-02-18T14:09:47.420011" level="INFO">Clicking button 'id=header-menu-cart-btn'.</msg>
<arg>id=header-menu-cart-btn</arg>
<doc>Clicks the button identified by ``locator``.</doc>
<status status="PASS" start="2024-02-18T14:09:47.420011" elapsed="0.057013"/>
</kw>
<kw name="Wait Until Element Is Visible" owner="SeleniumLibrary">
<arg>id:product-1-point</arg>
<doc>Waits until the element ``locator`` is visible.</doc>
<status status="PASS" start="2024-02-18T14:09:47.477024" elapsed="0.437926"/>
</kw>
<status status="PASS" start="2024-02-18T14:09:47.419010" elapsed="0.495940"/>
</kw>
<kw name="ใส่ที่อยู่จัดส่งสินค้า" owner="resource">
<kw name="Click Link" owner="SeleniumLibrary">
<msg time="2024-02-18T14:09:47.915949" level="INFO">Clicking link 'id=shopping-cart-checkout-btn'.</msg>
<arg>id=shopping-cart-checkout-btn</arg>
<doc>Clicks a link identified by ``locator``.</doc>
<status status="PASS" start="2024-02-18T14:09:47.915949" elapsed="0.202345"/>
</kw>
<kw name="Wait Until Element Is Visible" owner="SeleniumLibrary">
<arg>id:shipping-form-first-name-input</arg>
<doc>Waits until the element ``locator`` is visible.</doc>
<status status="PASS" start="2024-02-18T14:09:48.119294" elapsed="0.028006"/>
</kw>
<kw name="Input Text" owner="SeleniumLibrary">
<msg time="2024-02-18T14:09:48.148300" level="INFO">Typing text 'พงศกร' into text field 'id=shipping-form-first-name-input'.</msg>
<arg>id=shipping-form-first-name-input</arg>
<arg>${FIRST-NAME-LOCATOR}</arg>
<doc>Types the given ``text`` into the text field identified by ``locator``.</doc>
<status status="PASS" start="2024-02-18T14:09:48.147300" elapsed="0.069016"/>
</kw>
<kw name="Input Text" owner="SeleniumLibrary">
<msg time="2024-02-18T14:09:48.217316" level="INFO">Typing text 'รุ่งเรืองทรัพย์' into text field 'id=shipping-form-last-name-input'.</msg>
<arg>id=shipping-form-last-name-input</arg>
<arg>${LAST-NAME-LOCATOR}</arg>
<doc>Types the given ``text`` into the text field identified by ``locator``.</doc>
<status status="PASS" start="2024-02-18T14:09:48.216316" elapsed="0.081018"/>
</kw>
<kw name="Input Text" owner="SeleniumLibrary">
<msg time="2024-02-18T14:09:48.298334" level="INFO">Typing text '189/413 หมู่ 2' into text field 'id=shipping-form-address-input'.</msg>
<arg>id=shipping-form-address-input</arg>
<arg>${ADDRESS-LOCATOR}</arg>
<doc>Types the given ``text`` into the text field identified by ``locator``.</doc>
<status status="PASS" start="2024-02-18T14:09:48.297334" elapsed="0.075017"/>
</kw>
<kw name="Select From List By Label" owner="SeleniumLibrary">
<msg time="2024-02-18T14:09:48.373351" level="INFO">Selecting options from selection list 'id=shipping-form-province-select' by label สมุทรปราการ.</msg>
<arg>id=shipping-form-province-select</arg>
<arg>${PROVINCE-LOCATOR}</arg>
<doc>Selects options from selection list ``locator`` by ``labels``.</doc>
<status status="PASS" start="2024-02-18T14:09:48.373351" elapsed="0.058013"/>
</kw>
<kw name="Select From List By Label" owner="SeleniumLibrary">
<msg time="2024-02-18T14:09:48.431364" level="INFO">Selecting options from selection list 'id=shipping-form-district-select' by label เมืองสมุทรปราการ.</msg>
<arg>id=shipping-form-district-select</arg>
<arg>${DISTRICT-LOCATOR}</arg>
<doc>Selects options from selection list ``locator`` by ``labels``.</doc>
<status status="PASS" start="2024-02-18T14:09:48.431364" elapsed="0.051012"/>
</kw>
<kw name="Select From List By Label" owner="SeleniumLibrary">
<msg time="2024-02-18T14:09:48.483377" level="INFO">Selecting options from selection list 'id=shipping-form-sub-district-select' by label แพรกษาใหม่.</msg>
<arg>id=shipping-form-sub-district-select</arg>
<arg>${SUB-DISTRICT-LOCATOR}</arg>
<doc>Selects options from selection list ``locator`` by ``labels``.</doc>
<status status="PASS" start="2024-02-18T14:09:48.483377" elapsed="0.050011"/>
</kw>
<kw name="Element Attribute Value Should Be" owner="SeleniumLibrary">
<msg time="2024-02-18T14:09:48.549392" level="INFO">Element 'id:shipping-form-zipcode-input' attribute 'Value' contains value '10280'.</msg>
<arg>id:shipping-form-zipcode-input</arg>
<arg>Value</arg>
<arg>10280</arg>
<doc>Verifies element identified by ``locator`` contains expected attribute value.</doc>
<status status="PASS" start="2024-02-18T14:09:48.534388" elapsed="0.015004"/>
</kw>
<kw name="Wait Until Element Is Visible" owner="SeleniumLibrary">
<arg>id:shipping-form-mobile-input</arg>
<doc>Waits until the element ``locator`` is visible.</doc>
<status status="PASS" start="2024-02-18T14:09:48.549392" elapsed="0.014002"/>
</kw>
<kw name="Input Text" owner="SeleniumLibrary">
<msg time="2024-02-18T14:09:48.563394" level="INFO">Typing text '0909127991' into text field 'id=shipping-form-mobile-input'.</msg>
<arg>id=shipping-form-mobile-input</arg>
<arg>0909127991</arg>
<doc>Types the given ``text`` into the text field identified by ``locator``.</doc>
<status status="PASS" start="2024-02-18T14:09:48.563394" elapsed="0.063014"/>
</kw>
<arg>พงศกร</arg>
<arg>รุ่งเรืองทรัพย์</arg>
<arg>189/413 หมู่ 2</arg>
<arg>สมุทรปราการ</arg>
<arg>เมืองสมุทรปราการ</arg>
<arg>แพรกษาใหม่</arg>
<status status="PASS" start="2024-02-18T14:09:47.914950" elapsed="0.711458"/>
</kw>
<kw name="เลือกวิธีจัดส่งสินค้าเป็น Kerry" owner="resource">
<kw name="Click Element" owner="SeleniumLibrary">
<msg time="2024-02-18T14:09:48.627409" level="INFO">Clicking element 'id=shipping-method-1-name'.</msg>
<arg>id=shipping-method-1-name</arg>
<doc>Click the element identified by ``locator``.</doc>
<status status="PASS" start="2024-02-18T14:09:48.626408" elapsed="0.034008"/>
</kw>
<status status="PASS" start="2024-02-18T14:09:48.626408" elapsed="0.034008"/>
</kw>
<kw name="ตรวจสอบค่าจัดส่งสินค้าของ Kerry เท่ากันกับ 50.00 บาท" owner="resource">
<kw name="Element Text Should Be" owner="SeleniumLibrary">
<msg time="2024-02-18T14:09:48.661416" level="INFO">Verifying element 'id=shipping-method-1-fee' contains exact text '฿50.00'.</msg>
<arg>id=shipping-method-1-fee</arg>
<arg>฿50.00</arg>
<doc>Verifies that element ``locator`` contains exact the text ``expected``.</doc>
<status status="PASS" start="2024-02-18T14:09:48.661416" elapsed="0.019005"/>
</kw>
<status status="PASS" start="2024-02-18T14:09:48.661416" elapsed="0.020006"/>
</kw>
<kw name="เลือกช่องทางการชำระเงินแบบ Credit card" owner="resource">
<kw name="Click Element" owner="SeleniumLibrary">
<msg time="2024-02-18T14:09:48.681422" level="INFO">Clicking element 'id=payment-credit-input'.</msg>
<arg>id=payment-credit-input</arg>
<doc>Click the element identified by ``locator``.</doc>
<status status="PASS" start="2024-02-18T14:09:48.681422" elapsed="0.035007"/>
</kw>
<kw name="Input Text" owner="SeleniumLibrary">
<msg time="2024-02-18T14:09:48.717430" level="INFO">Typing text 'พงศกร รุ่งเรืองทรัพย์' into text field 'id=payment-credit-form-fullname-input'.</msg>
<arg>id=payment-credit-form-fullname-input</arg>
<arg>พงศกร รุ่งเรืองทรัพย์</arg>
<doc>Types the given ``text`` into the text field identified by ``locator``.</doc>
<status status="PASS" start="2024-02-18T14:09:48.716429" elapsed="0.083020"/>
</kw>
<kw name="Input Text" owner="SeleniumLibrary">
<msg time="2024-02-18T14:09:48.800448" level="INFO">Typing text '4719700591590995' into text field 'id=payment-credit-form-card-number-input'.</msg>
<arg>id=payment-credit-form-card-number-input</arg>
<arg>4719700591590995</arg>
<doc>Types the given ``text`` into the text field identified by ``locator``.</doc>
<status status="PASS" start="2024-02-18T14:09:48.799449" elapsed="0.086019"/>
</kw>
<kw name="Input Text" owner="SeleniumLibrary">
<msg time="2024-02-18T14:09:48.885468" level="INFO">Typing text '02/26' into text field 'id=payment-credit-form-expiry-input'.</msg>
<arg>id=payment-credit-form-expiry-input</arg>
<arg>02/26</arg>
<doc>Types the given ``text`` into the text field identified by ``locator``.</doc>
<status status="PASS" start="2024-02-18T14:09:48.885468" elapsed="0.059013"/>
</kw>
<kw name="Input Text" owner="SeleniumLibrary">
<msg time="2024-02-18T14:09:48.944481" level="INFO">Typing text '752' into text field 'id=payment-credit-form-cvv-input'.</msg>
<arg>id=payment-credit-form-cvv-input</arg>
<arg>752</arg>
<doc>Types the given ``text`` into the text field identified by ``locator``.</doc>
<status status="PASS" start="2024-02-18T14:09:48.944481" elapsed="0.055016"/>
</kw>
<status status="PASS" start="2024-02-18T14:09:48.681422" elapsed="0.318075"/>
</kw>
<kw name="ตรวจสอบราคารวมที่ต้องชำระเงินต้องเท่ากันกับ 8,679.20 บาท" owner="resource">
<kw name="Element Should Be Visible" owner="SeleniumLibrary">
<msg time="2024-02-18T14:09:49.016500" level="INFO">Element 'id=order-summary-total-payment-price' is displayed.</msg>
<arg>id=order-summary-total-payment-price</arg>
<doc>Verifies that the element identified by ``locator`` is visible.</doc>
<status status="PASS" start="2024-02-18T14:09:49.000496" elapsed="0.016004"/>
</kw>
<status status="PASS" start="2024-02-18T14:09:49.000496" elapsed="0.017004"/>
</kw>
<kw name="ยืนยัน OTP" owner="resource">
<kw name="Click Button" owner="SeleniumLibrary">
<msg time="2024-02-18T14:09:49.017500" level="INFO">Clicking button 'id=payment-now-btn'.</msg>
<arg>id=payment-now-btn</arg>
<doc>Clicks the button identified by ``locator``.</doc>
<status status="PASS" start="2024-02-18T14:09:49.017500" elapsed="0.045010"/>
</kw>
<kw name="Wait Until Element Is Visible" owner="SeleniumLibrary">
<arg>id=otp-input</arg>
<doc>Waits until the element ``locator`` is visible.</doc>
<status status="PASS" start="2024-02-18T14:09:49.063511" elapsed="0.222250"/>
</kw>
<kw name="Click Button" owner="SeleniumLibrary">
<msg time="2024-02-18T14:09:49.285761" level="INFO">Clicking button 'Request OTP'.</msg>
<arg>Request OTP</arg>
<doc>Clicks the button identified by ``locator``.</doc>
<status status="PASS" start="2024-02-18T14:09:49.285761" elapsed="0.036006"/>
</kw>
<kw name="Wait Until Element Is Visible" owner="SeleniumLibrary">
<arg>id=otp-input</arg>
<doc>Waits until the element ``locator`` is visible.</doc>
<status status="PASS" start="2024-02-18T14:09:49.322768" elapsed="0.011002"/>
</kw>
<kw name="Input Text" owner="SeleniumLibrary">
<msg time="2024-02-18T14:09:49.334772" level="INFO">Typing text '123456' into text field 'id=otp-input'.</msg>
<arg>id=otp-input</arg>
<arg>123456</arg>
<doc>Types the given ``text`` into the text field identified by ``locator``.</doc>
<status status="PASS" start="2024-02-18T14:09:49.333770" elapsed="0.049012"/>
</kw>
<kw name="Click Button" owner="SeleniumLibrary">
<msg time="2024-02-18T14:09:49.382782" level="INFO">Clicking button 'PAY NOW'.</msg>
<arg>PAY NOW</arg>
<doc>Clicks the button identified by ``locator``.</doc>
<status status="PASS" start="2024-02-18T14:09:49.382782" elapsed="0.040010"/>
</kw>
<status status="PASS" start="2024-02-18T14:09:49.017500" elapsed="0.405292"/>
</kw>
<kw name="ตรวจสอบหมายเลขพัสดุ" owner="resource">
<kw name="Wait Until Element Is Visible" owner="SeleniumLibrary">
<arg>id=order-success-tracking-id</arg>
<doc>Waits until the element ``locator`` is visible.</doc>
<status status="PASS" start="2024-02-18T14:09:49.423792" elapsed="0.223677"/>
</kw>
<kw name="Element Should Contain" owner="SeleniumLibrary">
<msg time="2024-02-18T14:09:49.657471" level="INFO">Element 'id=order-success-tracking-id' contains text 'KR-'.</msg>
<arg>id=order-success-tracking-id</arg>
<arg>KR-</arg>
<doc>Verifies that element ``locator`` contains text ``expected``.</doc>
<status status="PASS" start="2024-02-18T14:09:49.647469" elapsed="0.010002"/>
</kw>
<kw name="Get Text" owner="SeleniumLibrary">
<msg time="2024-02-18T14:09:49.668473" level="INFO">${tracking-id} = KR-884903256</msg>
<var>${tracking-id}</var>
<arg>id=order-success-tracking-id</arg>
<doc>Returns the text value of the element identified by ``locator``.</doc>
<status status="PASS" start="2024-02-18T14:09:49.657471" elapsed="0.011002"/>
</kw>
<kw name="Should Match Regexp" owner="BuiltIn">
<arg>${tracking-id}</arg>
<arg>^KR-\\d{9}$</arg>
<doc>Fails if ``string`` does not match ``pattern`` as a regular expression.</doc>
<status status="PASS" start="2024-02-18T14:09:49.669473" elapsed="0.000000"/>
</kw>
<status status="PASS" start="2024-02-18T14:09:49.423792" elapsed="0.245681"/>
</kw>
<kw name="ยืนยันการส่งการแจ้งเตือนด้วย email และ เบอร์โทรศัพท์" owner="resource">
<kw name="Wait Until Element Is Visible" owner="SeleniumLibrary">
<arg>id=order-success-tracking-id</arg>
<doc>Waits until the element ``locator`` is visible.</doc>
<status status="PASS" start="2024-02-18T14:09:49.669473" elapsed="0.014004"/>
</kw>
<kw name="Input Text" owner="SeleniumLibrary">
<msg time="2024-02-18T14:09:49.683477" level="INFO">Typing text 'ponsakorn@gmail.com' into text field 'id=notification-form-email-input'.</msg>
<arg>id=notification-form-email-input</arg>
<arg>ponsakorn@gmail.com</arg>
<doc>Types the given ``text`` into the text field identified by ``locator``.</doc>
<status status="PASS" start="2024-02-18T14:09:49.683477" elapsed="0.059013"/>
</kw>
<kw name="Input Text" owner="SeleniumLibrary">
<msg time="2024-02-18T14:09:49.742490" level="INFO">Typing text '0909127991' into text field 'id=notification-form-mobile-input'.</msg>
<arg>id=notification-form-mobile-input</arg>
<arg>0909127991</arg>
<doc>Types the given ``text`` into the text field identified by ``locator``.</doc>
<status status="PASS" start="2024-02-18T14:09:49.742490" elapsed="0.052011"/>
</kw>
<kw name="Select Checkbox" owner="SeleniumLibrary">
<msg time="2024-02-18T14:09:49.794501" level="INFO">Selecting checkbox 'id=notification-form-in-application-input'.</msg>
<arg>id=notification-form-in-application-input</arg>
<doc>Selects the checkbox identified by ``locator``.</doc>
<status status="PASS" start="2024-02-18T14:09:49.794501" elapsed="0.043010"/>
</kw>
<kw name="Click Button" owner="SeleniumLibrary">
<msg time="2024-02-18T14:09:49.837511" level="INFO">Clicking button 'id=send-notification-btn'.</msg>
<arg>id=send-notification-btn</arg>
<doc>Clicks the button identified by ``locator``.</doc>
<status status="PASS" start="2024-02-18T14:09:49.837511" elapsed="0.045012"/>
</kw>
<status status="PASS" start="2024-02-18T14:09:49.669473" elapsed="0.213050"/>
</kw>
<status status="PASS" start="2024-02-18T14:09:44.996090" elapsed="4.887432"/>
</test>
<status status="PASS" start="2024-02-18T14:09:44.843182" elapsed="5.041340"/>
</suite>
<statistics>
<total>
<stat pass="1" fail="0" skip="0">All Tests</stat>
</total>
<tag>
</tag>
<suite>
<stat pass="1" fail="0" skip="0" id="s1" name="Sck Online Shoping Creditcard Success">Sck Online Shoping Creditcard Success</stat>
</suite>
</statistics>
<errors>
<msg time="2024-02-18T14:09:44.837492" level="WARN">Error in file 'D:\workshop\e2e-ui\.venv\lab-05\sck_online_shoping_creditcard_success.robot' on line 1: Singular section headers like '*** Setting ***' are deprecated. Use plural format like '*** Settings ***' instead.</msg>
<msg time="2024-02-18T14:09:44.838178" level="WARN">Error in file 'D:\workshop\e2e-ui\.venv\lab-05\sck_online_shoping_creditcard_success.robot' on line 5: Singular section headers like '*** Variable ***' are deprecated. Use plural format like '*** Variables ***' instead.</msg>
</errors>
</robot>
